<?xml version="1.0" encoding="UTF-8"?>
<testng-results ignored="0" total="6" passed="6" failed="0" skipped="0">
  <reporter-output>
  </reporter-output>
  <suite started-at="2024-02-20T18:10:04 IST" name="Suite" finished-at="2024-02-20T18:11:47 IST" duration-ms="103139">
    <groups>
    </groups>
    <test started-at="2024-02-20T18:10:04 IST" name="Timbuk2CheckOutFlow" finished-at="2024-02-20T18:10:43 IST" duration-ms="39394">
      <class name="org.timbuk2.TestCompopnents.Timbuk2CheckOutFlowTest">
        <test-method signature="productTextValidation()[pri:0, instance:org.timbuk2.TestCompopnents.Timbuk2CheckOutFlowTest@536dbea0]" started-at="2024-02-20T18:10:04 IST" name="productTextValidation" finished-at="2024-02-20T18:10:43 IST" duration-ms="39359" status="PASS">
          <reporter-output>
          </reporter-output>
        </test-method> <!-- productTextValidation -->
      </class> <!-- org.timbuk2.TestCompopnents.Timbuk2CheckOutFlowTest -->
    </test> <!-- Timbuk2CheckOutFlow -->
    <test started-at="2024-02-20T18:10:04 IST" name="Timbuk2ErrorValidation" finished-at="2024-02-20T18:10:59 IST" duration-ms="55425">
      <class name="org.timbuk2.TestCompopnents.Timbuk2ErrorValidationTest">
        <test-method signature="discountCodeValidation()[pri:0, instance:org.timbuk2.TestCompopnents.Timbuk2ErrorValidationTest@19976a65]" started-at="2024-02-20T18:10:04 IST" name="discountCodeValidation" finished-at="2024-02-20T18:10:17 IST" duration-ms="13029" status="PASS">
          <reporter-output>
          </reporter-output>
        </test-method> <!-- discountCodeValidation -->
        <test-method signature="secureCheckOutValidation()[pri:0, instance:org.timbuk2.TestCompopnents.Timbuk2ErrorValidationTest@19976a65]" started-at="2024-02-20T18:10:17 IST" name="secureCheckOutValidation" finished-at="2024-02-20T18:10:59 IST" duration-ms="42343" status="PASS">
          <reporter-output>
          </reporter-output>
        </test-method> <!-- secureCheckOutValidation -->
      </class> <!-- org.timbuk2.TestCompopnents.Timbuk2ErrorValidationTest -->
    </test> <!-- Timbuk2ErrorValidation -->
    <test started-at="2024-02-20T18:10:04 IST" name="Timbuk2FooterPage" finished-at="2024-02-20T18:11:47 IST" duration-ms="103139">
      <class name="org.timbuk2.TestCompopnents.Timbuk2FooterPageTest">
        <test-method signature="cartPageValidations()[pri:0, instance:org.timbuk2.TestCompopnents.Timbuk2FooterPageTest@56dc1551]" started-at="2024-02-20T18:10:04 IST" name="cartPageValidations" finished-at="2024-02-20T18:11:01 IST" duration-ms="57132" status="PASS">
          <reporter-output>
          </reporter-output>
        </test-method> <!-- cartPageValidations -->
        <test-method signature="footerLinksValidation()[pri:0, instance:org.timbuk2.TestCompopnents.Timbuk2FooterPageTest@56dc1551]" started-at="2024-02-20T18:11:01 IST" name="footerLinksValidation" finished-at="2024-02-20T18:11:13 IST" duration-ms="12066" status="PASS">
          <reporter-output>
          </reporter-output>
        </test-method> <!-- footerLinksValidation -->
        <test-method signature="minicartValidations()[pri:0, instance:org.timbuk2.TestCompopnents.Timbuk2FooterPageTest@56dc1551]" started-at="2024-02-20T18:11:13 IST" name="minicartValidations" finished-at="2024-02-20T18:11:47 IST" duration-ms="33906" status="PASS">
          <reporter-output>
          </reporter-output>
        </test-method> <!-- minicartValidations -->
      </class> <!-- org.timbuk2.TestCompopnents.Timbuk2FooterPageTest -->
    </test> <!-- Timbuk2FooterPage -->
  </suite> <!-- Suite -->
</testng-results>
