<?xml version="1.0" encoding="UTF-8"?>
<testng-results ignored="0" total="7" passed="6" failed="1" skipped="0">
  <reporter-output>
  </reporter-output>
  <suite started-at="2024-02-20T11:25:50 IST" name="Suite" finished-at="2024-02-20T11:27:44 IST" duration-ms="113876">
    <groups>
    </groups>
    <test started-at="2024-02-20T11:25:50 IST" name="Timbuk2ErrorValidation" finished-at="2024-02-20T11:26:41 IST" duration-ms="51079">
      <class name="org.timbuk2.TestCompopnents.Timbuk2ErrorValidationTest">
        <test-method signature="discountCodeValidation()[pri:0, instance:org.timbuk2.TestCompopnents.Timbuk2ErrorValidationTest@4bc222e]" started-at="2024-02-20T11:25:50 IST" name="discountCodeValidation" finished-at="2024-02-20T11:26:03 IST" duration-ms="13142" status="PASS">
          <reporter-output>
          </reporter-output>
        </test-method> <!-- discountCodeValidation -->
        <test-method signature="secureCheckOutValidation()[pri:0, instance:org.timbuk2.TestCompopnents.Timbuk2ErrorValidationTest@4bc222e]" started-at="2024-02-20T11:26:03 IST" name="secureCheckOutValidation" finished-at="2024-02-20T11:26:41 IST" duration-ms="37905" status="PASS">
          <reporter-output>
          </reporter-output>
        </test-method> <!-- secureCheckOutValidation -->
      </class> <!-- org.timbuk2.TestCompopnents.Timbuk2ErrorValidationTest -->
    </test> <!-- Timbuk2ErrorValidation -->
    <test started-at="2024-02-20T11:25:50 IST" name="Timbuk2FooterPage" finished-at="2024-02-20T11:27:42 IST" duration-ms="111936">
      <class name="org.timbuk2.TestCompopnents.Timbuk2FooterPageTest">
        <test-method signature="cartPageValidations()[pri:0, instance:org.timbuk2.TestCompopnents.Timbuk2FooterPageTest@43015c69]" started-at="2024-02-20T11:25:50 IST" name="cartPageValidations" finished-at="2024-02-20T11:26:57 IST" duration-ms="66735" status="PASS">
          <reporter-output>
          </reporter-output>
        </test-method> <!-- cartPageValidations -->
        <test-method signature="footerLinksValidation()[pri:0, instance:org.timbuk2.TestCompopnents.Timbuk2FooterPageTest@43015c69]" started-at="2024-02-20T11:26:57 IST" name="footerLinksValidation" finished-at="2024-02-20T11:27:08 IST" duration-ms="11190" status="PASS">
          <reporter-output>
          </reporter-output>
        </test-method> <!-- footerLinksValidation -->
        <test-method signature="minicartValidations()[pri:0, instance:org.timbuk2.TestCompopnents.Timbuk2FooterPageTest@43015c69]" started-at="2024-02-20T11:27:08 IST" name="minicartValidations" finished-at="2024-02-20T11:27:42 IST" duration-ms="33990" status="PASS">
          <reporter-output>
          </reporter-output>
        </test-method> <!-- minicartValidations -->
      </class> <!-- org.timbuk2.TestCompopnents.Timbuk2FooterPageTest -->
    </test> <!-- Timbuk2FooterPage -->
    <test started-at="2024-02-20T11:25:50 IST" name="Timbuk2CheckOutFlow" finished-at="2024-02-20T11:27:44 IST" duration-ms="113876">
      <class name="org.timbuk2.TestCompopnents.Timbuk2CheckOutFlowTest">
        <test-method signature="checkOutFlow()[pri:0, instance:org.timbuk2.TestCompopnents.Timbuk2CheckOutFlowTest@18ece7f4]" started-at="2024-02-20T11:25:50 IST" name="checkOutFlow" finished-at="2024-02-20T11:27:23 IST" duration-ms="92457" status="FAIL">
          <exception class="org.openqa.selenium.TimeoutException">
            <message>
              <![CDATA[timeout: Timed out receiving message from renderer: 20.000
  (Session info: MicrosoftEdge=121.0.2277.112)
Build info: version: '4.13.0', revision: 'ba948ece5b*'
System info: os.name: 'Windows 11', os.arch: 'amd64', os.version: '10.0', java.version: '21.0.1'
Driver info: org.openqa.selenium.edge.EdgeDriver
Command: [d18739e08d94387998abb1c71ec7ceb1, clickElement {id=7B101117FD818342DF1E53B01CE1AF7A_element_580}]
Capabilities {acceptInsecureCerts: false, browserName: MicrosoftEdge, browserVersion: 121.0.2277.112, fedcm:accounts: true, ms:edgeOptions: {debuggerAddress: localhost:64452}, msedge: {msedgedriverVersion: 121.0.2277.128 (33d347b6876..., userDataDir: C:\WINDOWS\SystemTemp\scope...}, networkConnectionEnabled: false, pageLoadStrategy: normal, platformName: windows, proxy: Proxy(), se:cdp: ws://localhost:64452/devtoo..., se:cdpVersion: 121.0.2277.112, setWindowRect: true, strictFileInteractability: false, timeouts: {implicit: 0, pageLoad: 300000, script: 30000}, unhandledPromptBehavior: dismiss and notify, webauthn:extension:credBlob: true, webauthn:extension:largeBlob: true, webauthn:extension:minPinLength: true, webauthn:extension:prf: true, webauthn:virtualAuthenticators: true}
Element: [[EdgeDriver: MicrosoftEdge on windows (d18739e08d94387998abb1c71ec7ceb1)] -> xpath: //button[@id='deliveryMethodSubmit']]
Session ID: d18739e08d94387998abb1c71ec7ceb1]]>
            </message>
            <full-stacktrace>
              <![CDATA[org.openqa.selenium.TimeoutException: timeout: Timed out receiving message from renderer: 20.000
  (Session info: MicrosoftEdge=121.0.2277.112)
Build info: version: '4.13.0', revision: 'ba948ece5b*'
System info: os.name: 'Windows 11', os.arch: 'amd64', os.version: '10.0', java.version: '21.0.1'
Driver info: org.openqa.selenium.edge.EdgeDriver
Command: [d18739e08d94387998abb1c71ec7ceb1, clickElement {id=7B101117FD818342DF1E53B01CE1AF7A_element_580}]
Capabilities {acceptInsecureCerts: false, browserName: MicrosoftEdge, browserVersion: 121.0.2277.112, fedcm:accounts: true, ms:edgeOptions: {debuggerAddress: localhost:64452}, msedge: {msedgedriverVersion: 121.0.2277.128 (33d347b6876..., userDataDir: C:\WINDOWS\SystemTemp\scope...}, networkConnectionEnabled: false, pageLoadStrategy: normal, platformName: windows, proxy: Proxy(), se:cdp: ws://localhost:64452/devtoo..., se:cdpVersion: 121.0.2277.112, setWindowRect: true, strictFileInteractability: false, timeouts: {implicit: 0, pageLoad: 300000, script: 30000}, unhandledPromptBehavior: dismiss and notify, webauthn:extension:credBlob: true, webauthn:extension:largeBlob: true, webauthn:extension:minPinLength: true, webauthn:extension:prf: true, webauthn:virtualAuthenticators: true}
Element: [[EdgeDriver: MicrosoftEdge on windows (d18739e08d94387998abb1c71ec7ceb1)] -> xpath: //button[@id='deliveryMethodSubmit']]
Session ID: d18739e08d94387998abb1c71ec7ceb1
at java.base/jdk.internal.reflect.DirectConstructorHandleAccessor.newInstance(DirectConstructorHandleAccessor.java:62)
at java.base/java.lang.reflect.Constructor.newInstanceWithCaller(Constructor.java:502)
at java.base/java.lang.reflect.Constructor.newInstance(Constructor.java:486)
at org.openqa.selenium.remote.codec.w3c.W3CHttpResponseCodec.createException(W3CHttpResponseCodec.java:200)
at org.openqa.selenium.remote.codec.w3c.W3CHttpResponseCodec.decode(W3CHttpResponseCodec.java:133)
at org.openqa.selenium.remote.codec.w3c.W3CHttpResponseCodec.decode(W3CHttpResponseCodec.java:52)
at org.openqa.selenium.remote.HttpCommandExecutor.execute(HttpCommandExecutor.java:191)
at org.openqa.selenium.remote.service.DriverCommandExecutor.invokeExecute(DriverCommandExecutor.java:196)
at org.openqa.selenium.remote.service.DriverCommandExecutor.execute(DriverCommandExecutor.java:171)
at org.openqa.selenium.remote.RemoteWebDriver.execute(RemoteWebDriver.java:602)
at org.openqa.selenium.remote.RemoteWebElement.execute(RemoteWebElement.java:224)
at org.openqa.selenium.remote.RemoteWebElement.click(RemoteWebElement.java:77)
at java.base/jdk.internal.reflect.DirectMethodHandleAccessor.invoke(DirectMethodHandleAccessor.java:103)
at java.base/java.lang.reflect.Method.invoke(Method.java:580)
at org.openqa.selenium.support.pagefactory.internal.LocatingElementHandler.invoke(LocatingElementHandler.java:51)
at jdk.proxy2/jdk.proxy2.$Proxy14.click(Unknown Source)
at org.timbuk2.PageObjects.Timbuk2ReviewAndSubmitOrder.submitAddressDetails(Timbuk2ReviewAndSubmitOrder.java:105)
at org.timbuk2.TestCompopnents.Timbuk2CheckOutFlowTest.checkOutFlow(Timbuk2CheckOutFlowTest.java:53)
at java.base/jdk.internal.reflect.DirectMethodHandleAccessor.invoke(DirectMethodHandleAccessor.java:103)
at java.base/java.lang.reflect.Method.invoke(Method.java:580)
at org.testng.internal.MethodInvocationHelper.invokeMethod(MethodInvocationHelper.java:132)
at org.testng.internal.TestInvoker.invokeMethod(TestInvoker.java:599)
at org.testng.internal.TestInvoker.invokeTestMethod(TestInvoker.java:174)
at org.testng.internal.MethodRunner.runInSequence(MethodRunner.java:46)
at org.testng.internal.TestInvoker$MethodInvocationAgent.invoke(TestInvoker.java:822)
at org.testng.internal.TestInvoker.invokeTestMethods(TestInvoker.java:147)
at org.testng.internal.TestMethodWorker.invokeTestMethods(TestMethodWorker.java:146)
at org.testng.internal.TestMethodWorker.run(TestMethodWorker.java:128)
at java.base/java.util.ArrayList.forEach(ArrayList.java:1596)
at org.testng.TestRunner.privateRun(TestRunner.java:764)
at org.testng.TestRunner.run(TestRunner.java:585)
at org.testng.SuiteRunner.runTest(SuiteRunner.java:384)
at org.testng.SuiteRunner.access$000(SuiteRunner.java:28)
at org.testng.SuiteRunner$SuiteWorker.run(SuiteRunner.java:425)
at org.testng.internal.thread.ThreadUtil.lambda$execute$0(ThreadUtil.java:66)
at java.base/java.util.concurrent.FutureTask.run(FutureTask.java:317)
at java.base/java.util.concurrent.ThreadPoolExecutor.runWorker(ThreadPoolExecutor.java:1144)
at java.base/java.util.concurrent.ThreadPoolExecutor$Worker.run(ThreadPoolExecutor.java:642)
at java.base/java.lang.Thread.run(Thread.java:1583)
]]>
            </full-stacktrace>
          </exception> <!-- org.openqa.selenium.TimeoutException -->
          <reporter-output>
          </reporter-output>
        </test-method> <!-- checkOutFlow -->
        <test-method signature="productTextValidation()[pri:0, instance:org.timbuk2.TestCompopnents.Timbuk2CheckOutFlowTest@18ece7f4]" started-at="2024-02-20T11:27:23 IST" name="productTextValidation" finished-at="2024-02-20T11:27:44 IST" duration-ms="21195" status="PASS">
          <reporter-output>
          </reporter-output>
        </test-method> <!-- productTextValidation -->
      </class> <!-- org.timbuk2.TestCompopnents.Timbuk2CheckOutFlowTest -->
    </test> <!-- Timbuk2CheckOutFlow -->
  </suite> <!-- Suite -->
</testng-results>
