<?xml version="1.0" encoding="UTF-8"?>
<testng-results ignored="0" total="7" passed="7" failed="0" skipped="0">
  <reporter-output>
  </reporter-output>
  <suite started-at="2024-02-01T11:17:23 IST" name="Suite" finished-at="2024-02-01T11:19:05 IST" duration-ms="101515">
    <groups>
    </groups>
    <test started-at="2024-02-01T11:17:23 IST" name="Timbuk2ErrorValidation" finished-at="2024-02-01T11:18:01 IST" duration-ms="37693">
      <class name="org.timbuk2.TestCompopnents.Timbuk2ErrorValidationTest">
        <test-method signature="discountCodeValidation()[pri:0, instance:org.timbuk2.TestCompopnents.Timbuk2ErrorValidationTest@4dc27487]" started-at="2024-02-01T11:17:23 IST" name="discountCodeValidation" finished-at="2024-02-01T11:17:34 IST" duration-ms="10761" status="PASS">
          <reporter-output>
          </reporter-output>
        </test-method> <!-- discountCodeValidation -->
        <test-method signature="secureCheckOutValidation()[pri:0, instance:org.timbuk2.TestCompopnents.Timbuk2ErrorValidationTest@4dc27487]" started-at="2024-02-01T11:17:34 IST" name="secureCheckOutValidation" finished-at="2024-02-01T11:18:01 IST" duration-ms="26883" status="PASS">
          <reporter-output>
          </reporter-output>
        </test-method> <!-- secureCheckOutValidation -->
      </class> <!-- org.timbuk2.TestCompopnents.Timbuk2ErrorValidationTest -->
    </test> <!-- Timbuk2ErrorValidation -->
    <test started-at="2024-02-01T11:17:23 IST" name="Timbuk2CheckOutFlow" finished-at="2024-02-01T11:18:47 IST" duration-ms="84204">
      <class name="org.timbuk2.TestCompopnents.Timbuk2CheckOutFlowTest">
        <test-method signature="checkOutFlow()[pri:0, instance:org.timbuk2.TestCompopnents.Timbuk2CheckOutFlowTest@5884a914]" started-at="2024-02-01T11:17:23 IST" name="checkOutFlow" finished-at="2024-02-01T11:18:20 IST" duration-ms="57150" status="PASS">
          <reporter-output>
          </reporter-output>
        </test-method> <!-- checkOutFlow -->
        <test-method signature="productTextValidation()[pri:0, instance:org.timbuk2.TestCompopnents.Timbuk2CheckOutFlowTest@5884a914]" started-at="2024-02-01T11:18:20 IST" name="productTextValidation" finished-at="2024-02-01T11:18:47 IST" duration-ms="27021" status="PASS">
          <reporter-output>
          </reporter-output>
        </test-method> <!-- productTextValidation -->
      </class> <!-- org.timbuk2.TestCompopnents.Timbuk2CheckOutFlowTest -->
    </test> <!-- Timbuk2CheckOutFlow -->
    <test started-at="2024-02-01T11:17:23 IST" name="Timbuk2FooterPage" finished-at="2024-02-01T11:19:05 IST" duration-ms="101515">
      <class name="org.timbuk2.TestCompopnents.Timbuk2FooterPageTest">
        <test-method signature="cartPageValidations()[pri:0, instance:org.timbuk2.TestCompopnents.Timbuk2FooterPageTest@1f9e9475]" started-at="2024-02-01T11:17:23 IST" name="cartPageValidations" finished-at="2024-02-01T11:18:11 IST" duration-ms="47824" status="PASS">
          <reporter-output>
          </reporter-output>
        </test-method> <!-- cartPageValidations -->
        <test-method signature="footerLinksValidation()[pri:0, instance:org.timbuk2.TestCompopnents.Timbuk2FooterPageTest@1f9e9475]" started-at="2024-02-01T11:18:11 IST" name="footerLinksValidation" finished-at="2024-02-01T11:18:26 IST" duration-ms="14587" status="PASS">
          <reporter-output>
          </reporter-output>
        </test-method> <!-- footerLinksValidation -->
        <test-method signature="minicartValidations()[pri:0, instance:org.timbuk2.TestCompopnents.Timbuk2FooterPageTest@1f9e9475]" started-at="2024-02-01T11:18:26 IST" name="minicartValidations" finished-at="2024-02-01T11:19:05 IST" duration-ms="39056" status="PASS">
          <reporter-output>
          </reporter-output>
        </test-method> <!-- minicartValidations -->
      </class> <!-- org.timbuk2.TestCompopnents.Timbuk2FooterPageTest -->
    </test> <!-- Timbuk2FooterPage -->
  </suite> <!-- Suite -->
</testng-results>
