<?xml version="1.0" encoding="UTF-8"?>
<!-- Generated by org.testng.reporters.JUnitXMLReporter -->
<testsuite ignored="0" hostname="LAPTOP-KSJRV5UL" failures="0" tests="2" name="Timbuk2CheckOutFlow" time="84.204" errors="0" timestamp="2024-02-01T11:18:47 IST">
  <testcase classname="org.timbuk2.TestCompopnents.Timbuk2CheckOutFlowTest" name="checkOutFlow" time="57.15"/>
  <testcase classname="org.timbuk2.TestCompopnents.Timbuk2CheckOutFlowTest" name="productTextValidation" time="27.021"/>
</testsuite> <!-- Timbuk2CheckOutFlow -->
