<?xml version="1.0" encoding="UTF-8"?>
<!-- Generated by org.testng.reporters.JUnitXMLReporter -->
<testsuite ignored="0" hostname="LAPTOP-KSJRV5UL" failures="0" tests="2" name="Timbuk2ErrorValidation" time="55.425" errors="0" timestamp="2024-02-20T18:10:59 IST">
  <testcase classname="org.timbuk2.TestCompopnents.Timbuk2ErrorValidationTest" name="discountCodeValidation" time="13.029"/>
  <testcase classname="org.timbuk2.TestCompopnents.Timbuk2ErrorValidationTest" name="secureCheckOutValidation" time="42.343"/>
</testsuite> <!-- Timbuk2ErrorValidation -->
