<?xml version="1.0" encoding="UTF-8"?>
<!-- Generated by org.testng.reporters.JUnitXMLReporter -->
<testsuite ignored="0" hostname="LAPTOP-KSJRV5UL" failures="0" tests="3" name="Timbuk2FooterPage" time="131.232" errors="0" timestamp="2024-02-01T11:13:42 IST">
  <testcase classname="org.timbuk2.TestCompopnents.Timbuk2FooterPageTest" name="cartPageValidations" time="74.337"/>
  <testcase classname="org.timbuk2.TestCompopnents.Timbuk2FooterPageTest" name="footerLinksValidation" time="13.591"/>
  <testcase classname="org.timbuk2.TestCompopnents.Timbuk2FooterPageTest" name="minicartValidations" time="43.257"/>
</testsuite> <!-- Timbuk2FooterPage -->
