<?xml version="1.0" encoding="UTF-8"?>
<!-- Generated by org.testng.reporters.JUnitXMLReporter -->
<testsuite ignored="0" hostname="LAPTOP-KSJRV5UL" failures="0" tests="3" name="Timbuk2FooterPage" time="111.936" errors="0" timestamp="2024-02-20T11:27:42 IST">
  <testcase classname="org.timbuk2.TestCompopnents.Timbuk2FooterPageTest" name="cartPageValidations" time="66.735"/>
  <testcase classname="org.timbuk2.TestCompopnents.Timbuk2FooterPageTest" name="footerLinksValidation" time="11.19"/>
  <testcase classname="org.timbuk2.TestCompopnents.Timbuk2FooterPageTest" name="minicartValidations" time="33.99"/>
</testsuite> <!-- Timbuk2FooterPage -->
