<?xml version="1.0" encoding="UTF-8"?>
<!-- Generated by org.testng.reporters.JUnitXMLReporter -->
<testsuite ignored="0" hostname="LAPTOP-KSJRV5UL" failures="0" tests="2" name="Timbuk2CheckOutFlow" time="129.357" errors="0" timestamp="2024-02-01T11:13:40 IST">
  <testcase classname="org.timbuk2.TestCompopnents.Timbuk2CheckOutFlowTest" name="checkOutFlow" time="99.702"/>
  <testcase classname="org.timbuk2.TestCompopnents.Timbuk2CheckOutFlowTest" name="productTextValidation" time="29.621"/>
</testsuite> <!-- Timbuk2CheckOutFlow -->
