<?xml version="1.0" encoding="UTF-8"?>
<!-- Generated by org.testng.reporters.JUnitXMLReporter -->
<testsuite ignored="0" hostname="LAPTOP-KSJRV5UL" failures="0" tests="3" name="Timbuk2FooterPage" time="103.139" errors="0" timestamp="2024-02-20T18:11:47 IST">
  <testcase classname="org.timbuk2.TestCompopnents.Timbuk2FooterPageTest" name="cartPageValidations" time="57.132"/>
  <testcase classname="org.timbuk2.TestCompopnents.Timbuk2FooterPageTest" name="footerLinksValidation" time="12.066"/>
  <testcase classname="org.timbuk2.TestCompopnents.Timbuk2FooterPageTest" name="minicartValidations" time="33.906"/>
</testsuite> <!-- Timbuk2FooterPage -->
