<?xml version="1.0" encoding="UTF-8"?>
<!-- Generated by org.testng.reporters.JUnitXMLReporter -->
<testsuite ignored="0" hostname="LAPTOP-KSJRV5UL" failures="2" tests="2" name="Timbuk2CheckOutFlow" time="26.747" errors="0" timestamp="2024-02-27T14:48:21 IST">
  <testcase classname="org.timbuk2.TestCompopnents.Timbuk2CheckOutFlowTest" name="checkOutFlow" time="13.99">
    <failure type="org.openqa.selenium.ElementClickInterceptedException" message="element click intercepted: Element &amp;lt;button class=&amp;quot;btn btn--primary js-accept-cookies&amp;quot;&amp;gt;...&amp;lt;/button&amp;gt; is not clickable at point (1205, 552). Other element would receive the click: &amp;lt;div class=&amp;quot;b2cmodal1 oopsPopup&amp;quot; style=&amp;quot;display: block;&amp;quot;&amp;gt;...&amp;lt;/div&amp;gt;
  (Session info: MicrosoftEdge=122.0.2365.52)
Build info: version: &amp;apos;4.18.1&amp;apos;, revision: &amp;apos;b1d3319b48&amp;apos;
System info: os.name: &amp;apos;Windows 11&amp;apos;, os.arch: &amp;apos;amd64&amp;apos;, os.version: &amp;apos;10.0&amp;apos;, java.version: &amp;apos;21.0.1&amp;apos;
Driver info: org.openqa.selenium.edge.EdgeDriver
Command: [6a291507f49f268e6632f3b114386d8b, clickElement {id=f.5938B0BE759A14B46D3775C41E32DF9D.d.D9728B436354138CEFC863D8BC1D3190.e.62}]
Capabilities {acceptInsecureCerts: false, browserName: MicrosoftEdge, browserVersion: 122.0.2365.52, fedcm:accounts: true, ms:edgeOptions: {debuggerAddress: localhost:64221}, msedge: {msedgedriverVersion: 122.0.2365.52 (dcf246d1e496..., userDataDir: C:\Users\NAGEND~1\AppData\L...}, networkConnectionEnabled: false, pageLoadStrategy: normal, platformName: windows, proxy: Proxy(), se:cdp: ws://localhost:64221/devtoo..., se:cdpVersion: 122.0.2365.52, setWindowRect: true, strictFileInteractability: false, timeouts: {implicit: 0, pageLoad: 300000, script: 30000}, unhandledPromptBehavior: dismiss and notify, webauthn:extension:credBlob: true, webauthn:extension:largeBlob: true, webauthn:extension:minPinLength: true, webauthn:extension:prf: true, webauthn:virtualAuthenticators: true}
Element: [[EdgeDriver: MicrosoftEdge on windows (6a291507f49f268e6632f3b114386d8b)] -&amp;gt; css selector: [class=&amp;apos;btn btn--primary js-accept-cookies&amp;apos;]]
Session ID: 6a291507f49f268e6632f3b114386d8b">
      <![CDATA[org.openqa.selenium.ElementClickInterceptedException: element click intercepted: Element <button class="btn btn--primary js-accept-cookies">...</button> is not clickable at point (1205, 552). Other element would receive the click: <div class="b2cmodal1 oopsPopup" style="display: block;">...</div>
  (Session info: MicrosoftEdge=122.0.2365.52)
Build info: version: '4.18.1', revision: 'b1d3319b48'
System info: os.name: 'Windows 11', os.arch: 'amd64', os.version: '10.0', java.version: '21.0.1'
Driver info: org.openqa.selenium.edge.EdgeDriver
Command: [6a291507f49f268e6632f3b114386d8b, clickElement {id=f.5938B0BE759A14B46D3775C41E32DF9D.d.D9728B436354138CEFC863D8BC1D3190.e.62}]
Capabilities {acceptInsecureCerts: false, browserName: MicrosoftEdge, browserVersion: 122.0.2365.52, fedcm:accounts: true, ms:edgeOptions: {debuggerAddress: localhost:64221}, msedge: {msedgedriverVersion: 122.0.2365.52 (dcf246d1e496..., userDataDir: C:\Users\NAGEND~1\AppData\L...}, networkConnectionEnabled: false, pageLoadStrategy: normal, platformName: windows, proxy: Proxy(), se:cdp: ws://localhost:64221/devtoo..., se:cdpVersion: 122.0.2365.52, setWindowRect: true, strictFileInteractability: false, timeouts: {implicit: 0, pageLoad: 300000, script: 30000}, unhandledPromptBehavior: dismiss and notify, webauthn:extension:credBlob: true, webauthn:extension:largeBlob: true, webauthn:extension:minPinLength: true, webauthn:extension:prf: true, webauthn:virtualAuthenticators: true}
Element: [[EdgeDriver: MicrosoftEdge on windows (6a291507f49f268e6632f3b114386d8b)] -> css selector: [class='btn btn--primary js-accept-cookies']]
Session ID: 6a291507f49f268e6632f3b114386d8b
at org.openqa.selenium.remote.ErrorCodec.decode(ErrorCodec.java:167)
at org.openqa.selenium.remote.codec.w3c.W3CHttpResponseCodec.decode(W3CHttpResponseCodec.java:138)
at org.openqa.selenium.remote.codec.w3c.W3CHttpResponseCodec.decode(W3CHttpResponseCodec.java:50)
at org.openqa.selenium.remote.HttpCommandExecutor.execute(HttpCommandExecutor.java:190)
at org.openqa.selenium.remote.service.DriverCommandExecutor.invokeExecute(DriverCommandExecutor.java:216)
at org.openqa.selenium.remote.service.DriverCommandExecutor.execute(DriverCommandExecutor.java:174)
at org.openqa.selenium.remote.RemoteWebDriver.execute(RemoteWebDriver.java:519)
at org.openqa.selenium.remote.RemoteWebElement.execute(RemoteWebElement.java:223)
at org.openqa.selenium.remote.RemoteWebElement.click(RemoteWebElement.java:76)
at org.openqa.selenium.support.pagefactory.internal.LocatingElementHandler.invoke(LocatingElementHandler.java:51)
at jdk.proxy2/jdk.proxy2.$Proxy11.click(Unknown Source)
at org.timbuk2.PageObjects.Timbuk2LandingPage.acceptCookies(Timbuk2LandingPage.java:49)
at org.timbuk2.TestCompopnents.Timbuk2CheckOutFlowTest.checkOutFlow(Timbuk2CheckOutFlowTest.java:35)
at java.base/java.util.ArrayList.forEach(ArrayList.java:1596)
at java.base/java.util.concurrent.FutureTask.run(FutureTask.java:317)
at java.base/java.util.concurrent.ThreadPoolExecutor.runWorker(ThreadPoolExecutor.java:1144)
at java.base/java.util.concurrent.ThreadPoolExecutor$Worker.run(ThreadPoolExecutor.java:642)
at java.base/java.lang.Thread.run(Thread.java:1583)
... Removed 21 stack frames]]>
    </failure>
  </testcase> <!-- checkOutFlow -->
  <testcase classname="org.timbuk2.TestCompopnents.Timbuk2CheckOutFlowTest" name="productTextValidation" time="12.376">
    <failure type="org.openqa.selenium.ElementClickInterceptedException" message="element click intercepted: Element &amp;lt;button class=&amp;quot;btn btn--primary js-accept-cookies&amp;quot;&amp;gt;...&amp;lt;/button&amp;gt; is not clickable at point (1205, 552). Other element would receive the click: &amp;lt;div class=&amp;quot;b2cmodal1 oopsPopup&amp;quot; style=&amp;quot;display: block;&amp;quot;&amp;gt;...&amp;lt;/div&amp;gt;
  (Session info: MicrosoftEdge=122.0.2365.52)
Build info: version: &amp;apos;4.18.1&amp;apos;, revision: &amp;apos;b1d3319b48&amp;apos;
System info: os.name: &amp;apos;Windows 11&amp;apos;, os.arch: &amp;apos;amd64&amp;apos;, os.version: &amp;apos;10.0&amp;apos;, java.version: &amp;apos;21.0.1&amp;apos;
Driver info: org.openqa.selenium.edge.EdgeDriver
Command: [afb984f3aaac51afc7f8688f964cd96d, clickElement {id=f.0991ED2DB33851AD0FC0B9D01A224B72.d.28AB28BBF57F3C02D4A34479881142BE.e.68}]
Capabilities {acceptInsecureCerts: false, browserName: MicrosoftEdge, browserVersion: 122.0.2365.52, fedcm:accounts: true, ms:edgeOptions: {debuggerAddress: localhost:64462}, msedge: {msedgedriverVersion: 122.0.2365.52 (dcf246d1e496..., userDataDir: C:\Users\NAGEND~1\AppData\L...}, networkConnectionEnabled: false, pageLoadStrategy: normal, platformName: windows, proxy: Proxy(), se:cdp: ws://localhost:64462/devtoo..., se:cdpVersion: 122.0.2365.52, setWindowRect: true, strictFileInteractability: false, timeouts: {implicit: 0, pageLoad: 300000, script: 30000}, unhandledPromptBehavior: dismiss and notify, webauthn:extension:credBlob: true, webauthn:extension:largeBlob: true, webauthn:extension:minPinLength: true, webauthn:extension:prf: true, webauthn:virtualAuthenticators: true}
Element: [[EdgeDriver: MicrosoftEdge on windows (afb984f3aaac51afc7f8688f964cd96d)] -&amp;gt; css selector: [class=&amp;apos;btn btn--primary js-accept-cookies&amp;apos;]]
Session ID: afb984f3aaac51afc7f8688f964cd96d">
      <![CDATA[org.openqa.selenium.ElementClickInterceptedException: element click intercepted: Element <button class="btn btn--primary js-accept-cookies">...</button> is not clickable at point (1205, 552). Other element would receive the click: <div class="b2cmodal1 oopsPopup" style="display: block;">...</div>
  (Session info: MicrosoftEdge=122.0.2365.52)
Build info: version: '4.18.1', revision: 'b1d3319b48'
System info: os.name: 'Windows 11', os.arch: 'amd64', os.version: '10.0', java.version: '21.0.1'
Driver info: org.openqa.selenium.edge.EdgeDriver
Command: [afb984f3aaac51afc7f8688f964cd96d, clickElement {id=f.0991ED2DB33851AD0FC0B9D01A224B72.d.28AB28BBF57F3C02D4A34479881142BE.e.68}]
Capabilities {acceptInsecureCerts: false, browserName: MicrosoftEdge, browserVersion: 122.0.2365.52, fedcm:accounts: true, ms:edgeOptions: {debuggerAddress: localhost:64462}, msedge: {msedgedriverVersion: 122.0.2365.52 (dcf246d1e496..., userDataDir: C:\Users\NAGEND~1\AppData\L...}, networkConnectionEnabled: false, pageLoadStrategy: normal, platformName: windows, proxy: Proxy(), se:cdp: ws://localhost:64462/devtoo..., se:cdpVersion: 122.0.2365.52, setWindowRect: true, strictFileInteractability: false, timeouts: {implicit: 0, pageLoad: 300000, script: 30000}, unhandledPromptBehavior: dismiss and notify, webauthn:extension:credBlob: true, webauthn:extension:largeBlob: true, webauthn:extension:minPinLength: true, webauthn:extension:prf: true, webauthn:virtualAuthenticators: true}
Element: [[EdgeDriver: MicrosoftEdge on windows (afb984f3aaac51afc7f8688f964cd96d)] -> css selector: [class='btn btn--primary js-accept-cookies']]
Session ID: afb984f3aaac51afc7f8688f964cd96d
at org.openqa.selenium.remote.ErrorCodec.decode(ErrorCodec.java:167)
at org.openqa.selenium.remote.codec.w3c.W3CHttpResponseCodec.decode(W3CHttpResponseCodec.java:138)
at org.openqa.selenium.remote.codec.w3c.W3CHttpResponseCodec.decode(W3CHttpResponseCodec.java:50)
at org.openqa.selenium.remote.HttpCommandExecutor.execute(HttpCommandExecutor.java:190)
at org.openqa.selenium.remote.service.DriverCommandExecutor.invokeExecute(DriverCommandExecutor.java:216)
at org.openqa.selenium.remote.service.DriverCommandExecutor.execute(DriverCommandExecutor.java:174)
at org.openqa.selenium.remote.RemoteWebDriver.execute(RemoteWebDriver.java:519)
at org.openqa.selenium.remote.RemoteWebElement.execute(RemoteWebElement.java:223)
at org.openqa.selenium.remote.RemoteWebElement.click(RemoteWebElement.java:76)
at org.openqa.selenium.support.pagefactory.internal.LocatingElementHandler.invoke(LocatingElementHandler.java:51)
at jdk.proxy2/jdk.proxy2.$Proxy11.click(Unknown Source)
at org.timbuk2.PageObjects.Timbuk2LandingPage.acceptCookies(Timbuk2LandingPage.java:49)
at org.timbuk2.TestCompopnents.Timbuk2CheckOutFlowTest.productTextValidation(Timbuk2CheckOutFlowTest.java:65)
at java.base/java.util.ArrayList.forEach(ArrayList.java:1596)
at java.base/java.util.concurrent.FutureTask.run(FutureTask.java:317)
at java.base/java.util.concurrent.ThreadPoolExecutor.runWorker(ThreadPoolExecutor.java:1144)
at java.base/java.util.concurrent.ThreadPoolExecutor$Worker.run(ThreadPoolExecutor.java:642)
at java.base/java.lang.Thread.run(Thread.java:1583)
... Removed 21 stack frames]]>
    </failure>
  </testcase> <!-- productTextValidation -->
</testsuite> <!-- Timbuk2CheckOutFlow -->
